<?xml version="1.0" encoding="UTF-8"?>
<!-- Generated by org.testng.reporters.JUnitReportReporter -->
<testsuite hostname="LAPTOP-38QPER0S" failures="0" tests="1" name="propertyFileReading.VTigerLogin" time="28.673" errors="0" timestamp="2023-01-27T14:31:01 IST" skipped="0">
  <testcase classname="propertyFileReading.VTigerLogin" name="vTigerLogin" time="28.673"/>
  <system-out/>
</testsuite> <!-- propertyFileReading.VTigerLogin -->
