<?xml version="1.0" encoding="UTF-8"?>
<!-- Generated by org.testng.reporters.JUnitReportReporter -->
<testsuite hostname="LAPTOP-38QPER0S" failures="0" tests="2" name="Actitime" time="15.336" errors="0" timestamp="2023-01-27T22:15:15 IST" skipped="0">
  <testcase classname="Actitime" name="loginCredential" time="5.258"/>
  <system-out/>
  <testcase classname="Actitime" name="logOut" time="10.078"/>
  <system-out/>
</testsuite> <!-- Actitime -->
