<?xml version="1.0" encoding="UTF-8"?>
<!-- Generated by org.testng.reporters.JUnitReportReporter -->
<testsuite hostname="LAPTOP-38QPER0S" failures="0" tests="1" name="javascriptExecutorPractice.JavaScriptExecutorPractice1" time="53.940" errors="0" timestamp="2023-01-12T17:53:30 IST" skipped="0">
  <testcase classname="javascriptExecutorPractice.JavaScriptExecutorPractice1" name="testCase2" time="53.940"/>
  <system-out/>
</testsuite> <!-- javascriptExecutorPractice.JavaScriptExecutorPractice1 -->
